#! /usr/bin/vvp
:ivl_version "0.9.7 " "(v0_9_7)";
:vpi_time_precision + 0;
:vpi_module "system";
:vpi_module "v2005_math";
:vpi_module "va_math";
S_0x16704c0 .scope module, "tb" "tb" 2 24;
 .timescale 0 0;
v0x168d980_0 .var "clock", 0 0;
RS_0x7f330dd72ca8/0/0 .resolv tri, L_0x1692d10, L_0x1692e50, L_0x1693010, L_0x1693280;
RS_0x7f330dd72ca8/0/4 .resolv tri, L_0x1693480, L_0x1693680, L_0x1693890, L_0x1693b60;
RS_0x7f330dd72ca8/0/8 .resolv tri, L_0x1693de0, L_0x1694020, L_0x1693f80, L_0x1694160;
RS_0x7f330dd72ca8/0/12 .resolv tri, L_0x16942e0, L_0x16944a0, L_0x1694670, L_0x1694820;
RS_0x7f330dd72ca8/0/16 .resolv tri, L_0x1694b20, L_0x1693cd0, L_0x1694f70, L_0x1695130;
RS_0x7f330dd72ca8/0/20 .resolv tri, L_0x1695300, L_0x16954e0, L_0x1695660, L_0x1695860;
RS_0x7f330dd72ca8/0/24 .resolv tri, L_0x1695c00, L_0x1695a70, L_0x1695d40, L_0x16960d0;
RS_0x7f330dd72ca8/0/28 .resolv tri, L_0x1695f10, L_0x1696450, L_0x1696270, L_0x16965f0;
RS_0x7f330dd72ca8/1/0 .resolv tri, RS_0x7f330dd72ca8/0/0, RS_0x7f330dd72ca8/0/4, RS_0x7f330dd72ca8/0/8, RS_0x7f330dd72ca8/0/12;
RS_0x7f330dd72ca8/1/4 .resolv tri, RS_0x7f330dd72ca8/0/16, RS_0x7f330dd72ca8/0/20, RS_0x7f330dd72ca8/0/24, RS_0x7f330dd72ca8/0/28;
RS_0x7f330dd72ca8 .resolv tri, RS_0x7f330dd72ca8/1/0, RS_0x7f330dd72ca8/1/4, C4<zzzzzzzzzzzzzzzzzzzzzzzzzzzzzzzz>, C4<zzzzzzzzzzzzzzzzzzzzzzzzzzzzzzzz>;
v0x168da00_0 .net8 "q", 31 0, RS_0x7f330dd72ca8; 32 drivers
v0x168dab0_0 .var "reset", 0 0;
S_0x166f970 .scope module, "regd" "reg_32bit" 2 27, 2 12, S_0x16704c0;
 .timescale 0 0;
v0x1692470_0 .net "clock", 0 0, v0x168d980_0; 1 drivers
v0x168d670_0 .net "d", 31 0, C4<00000000000000000000000000000100>; 1 drivers
v0x168d710_0 .alias "q", 31 0, v0x168da00_0;
v0x168d7b0_0 .net "reset", 0 0, v0x168dab0_0; 1 drivers
L_0x1692d10 .part/pv v0x1692320_0, 0, 1, 32;
L_0x1692db0 .part C4<00000000000000000000000000000100>, 0, 1;
L_0x1692e50 .part/pv v0x1691e30_0, 1, 1, 32;
L_0x1692ef0 .part C4<00000000000000000000000000000100>, 1, 1;
L_0x1693010 .part/pv v0x1691940_0, 2, 1, 32;
L_0x1693170 .part C4<00000000000000000000000000000100>, 2, 1;
L_0x1693280 .part/pv v0x1691450_0, 3, 1, 32;
L_0x1693320 .part C4<00000000000000000000000000000100>, 3, 1;
L_0x1693480 .part/pv v0x1690f60_0, 4, 1, 32;
L_0x1693550 .part C4<00000000000000000000000000000100>, 4, 1;
L_0x1693680 .part/pv v0x1690a70_0, 5, 1, 32;
L_0x1693750 .part C4<00000000000000000000000000000100>, 5, 1;
L_0x1693890 .part/pv v0x1690580_0, 6, 1, 32;
L_0x1693a40 .part C4<00000000000000000000000000000100>, 6, 1;
L_0x1693b60 .part/pv v0x1690090_0, 7, 1, 32;
L_0x1693c00 .part C4<00000000000000000000000000000100>, 7, 1;
L_0x1693de0 .part/pv v0x168fba0_0, 8, 1, 32;
L_0x1693eb0 .part C4<00000000000000000000000000000100>, 8, 1;
L_0x1694020 .part/pv v0x168f6b0_0, 9, 1, 32;
L_0x16940c0 .part C4<00000000000000000000000000000100>, 9, 1;
L_0x1693f80 .part/pv v0x168f1c0_0, 10, 1, 32;
L_0x1694210 .part C4<00000000000000000000000000000100>, 10, 1;
L_0x1694160 .part/pv v0x168ecd0_0, 11, 1, 32;
L_0x16943d0 .part C4<00000000000000000000000000000100>, 11, 1;
L_0x16942e0 .part/pv v0x168e7e0_0, 12, 1, 32;
L_0x16945a0 .part C4<00000000000000000000000000000100>, 12, 1;
L_0x16944a0 .part/pv v0x168e2f0_0, 13, 1, 32;
L_0x1694750 .part C4<00000000000000000000000000000100>, 13, 1;
L_0x1694670 .part/pv v0x168de00_0, 14, 1, 32;
L_0x1693930 .part C4<00000000000000000000000000000100>, 14, 1;
L_0x1694820 .part/pv v0x168d880_0, 15, 1, 32;
L_0x1694c20 .part C4<00000000000000000000000000000100>, 15, 1;
L_0x1694b20 .part/pv v0x168d220_0, 16, 1, 32;
L_0x1694ed0 .part C4<00000000000000000000000000000100>, 16, 1;
L_0x1693cd0 .part/pv v0x168cd30_0, 17, 1, 32;
L_0x1695090 .part C4<00000000000000000000000000000100>, 17, 1;
L_0x1694f70 .part/pv v0x168c840_0, 18, 1, 32;
L_0x1695260 .part C4<00000000000000000000000000000100>, 18, 1;
L_0x1695130 .part/pv v0x168c350_0, 19, 1, 32;
L_0x1695440 .part C4<00000000000000000000000000000100>, 19, 1;
L_0x1695300 .part/pv v0x168be60_0, 20, 1, 32;
L_0x16953a0 .part C4<00000000000000000000000000000100>, 20, 1;
L_0x16954e0 .part/pv v0x168b970_0, 21, 1, 32;
L_0x16957c0 .part C4<00000000000000000000000000000100>, 21, 1;
L_0x1695660 .part/pv v0x168b480_0, 22, 1, 32;
L_0x16959d0 .part C4<00000000000000000000000000000100>, 22, 1;
L_0x1695860 .part/pv v0x168af00_0, 23, 1, 32;
L_0x1695930 .part C4<00000000000000000000000000000100>, 23, 1;
L_0x1695c00 .part/pv v0x168a980_0, 24, 1, 32;
L_0x1695ca0 .part C4<00000000000000000000000000000100>, 24, 1;
L_0x1695a70 .part/pv v0x168a490_0, 25, 1, 32;
L_0x1695b40 .part C4<00000000000000000000000000000100>, 25, 1;
L_0x1695d40 .part/pv v0x1689fa0_0, 26, 1, 32;
L_0x1695e10 .part C4<00000000000000000000000000000100>, 26, 1;
L_0x16960d0 .part/pv v0x1689a20_0, 27, 1, 32;
L_0x16961a0 .part C4<00000000000000000000000000000100>, 27, 1;
L_0x1695f10 .part/pv v0x16894d0_0, 28, 1, 32;
L_0x1695fe0 .part C4<00000000000000000000000000000100>, 28, 1;
L_0x1696450 .part/pv v0x1688fc0_0, 29, 1, 32;
L_0x1696520 .part C4<00000000000000000000000000000100>, 29, 1;
L_0x1696270 .part/pv v0x1688a70_0, 30, 1, 32;
L_0x1696310 .part C4<00000000000000000000000000000100>, 30, 1;
L_0x16965f0 .part/pv v0x1688550_0, 31, 1, 32;
L_0x1696690 .part C4<00000000000000000000000000000100>, 31, 1;
S_0x1691f80 .scope generate, "d_loop[0]" "d_loop[0]" 2 18, 2 18, S_0x166f970;
 .timescale 0 0;
P_0x1692078 .param/l "j" 2 18, +C4<00>;
S_0x1692110 .scope module, "ff" "d_ff" 2 19, 2 1, S_0x1691f80;
 .timescale 0 0;
v0x1692200_0 .alias "clock", 0 0, v0x1692470_0;
v0x1692280_0 .net "d", 0 0, L_0x1692db0; 1 drivers
v0x1692320_0 .var "q", 0 0;
v0x16923c0_0 .alias "reset", 0 0, v0x168d7b0_0;
S_0x1691a90 .scope generate, "d_loop[1]" "d_loop[1]" 2 18, 2 18, S_0x166f970;
 .timescale 0 0;
P_0x1691b88 .param/l "j" 2 18, +C4<01>;
S_0x1691c20 .scope module, "ff" "d_ff" 2 19, 2 1, S_0x1691a90;
 .timescale 0 0;
v0x1691d10_0 .alias "clock", 0 0, v0x1692470_0;
v0x1691d90_0 .net "d", 0 0, L_0x1692ef0; 1 drivers
v0x1691e30_0 .var "q", 0 0;
v0x1691ed0_0 .alias "reset", 0 0, v0x168d7b0_0;
S_0x16915a0 .scope generate, "d_loop[2]" "d_loop[2]" 2 18, 2 18, S_0x166f970;
 .timescale 0 0;
P_0x1691698 .param/l "j" 2 18, +C4<010>;
S_0x1691730 .scope module, "ff" "d_ff" 2 19, 2 1, S_0x16915a0;
 .timescale 0 0;
v0x1691820_0 .alias "clock", 0 0, v0x1692470_0;
v0x16918a0_0 .net "d", 0 0, L_0x1693170; 1 drivers
v0x1691940_0 .var "q", 0 0;
v0x16919e0_0 .alias "reset", 0 0, v0x168d7b0_0;
S_0x16910b0 .scope generate, "d_loop[3]" "d_loop[3]" 2 18, 2 18, S_0x166f970;
 .timescale 0 0;
P_0x16911a8 .param/l "j" 2 18, +C4<011>;
S_0x1691240 .scope module, "ff" "d_ff" 2 19, 2 1, S_0x16910b0;
 .timescale 0 0;
v0x1691330_0 .alias "clock", 0 0, v0x1692470_0;
v0x16913b0_0 .net "d", 0 0, L_0x1693320; 1 drivers
v0x1691450_0 .var "q", 0 0;
v0x16914f0_0 .alias "reset", 0 0, v0x168d7b0_0;
S_0x1690bc0 .scope generate, "d_loop[4]" "d_loop[4]" 2 18, 2 18, S_0x166f970;
 .timescale 0 0;
P_0x1690cb8 .param/l "j" 2 18, +C4<0100>;
S_0x1690d50 .scope module, "ff" "d_ff" 2 19, 2 1, S_0x1690bc0;
 .timescale 0 0;
v0x1690e40_0 .alias "clock", 0 0, v0x1692470_0;
v0x1690ec0_0 .net "d", 0 0, L_0x1693550; 1 drivers
v0x1690f60_0 .var "q", 0 0;
v0x1691000_0 .alias "reset", 0 0, v0x168d7b0_0;
S_0x16906d0 .scope generate, "d_loop[5]" "d_loop[5]" 2 18, 2 18, S_0x166f970;
 .timescale 0 0;
P_0x16907c8 .param/l "j" 2 18, +C4<0101>;
S_0x1690860 .scope module, "ff" "d_ff" 2 19, 2 1, S_0x16906d0;
 .timescale 0 0;
v0x1690950_0 .alias "clock", 0 0, v0x1692470_0;
v0x16909d0_0 .net "d", 0 0, L_0x1693750; 1 drivers
v0x1690a70_0 .var "q", 0 0;
v0x1690b10_0 .alias "reset", 0 0, v0x168d7b0_0;
S_0x16901e0 .scope generate, "d_loop[6]" "d_loop[6]" 2 18, 2 18, S_0x166f970;
 .timescale 0 0;
P_0x16902d8 .param/l "j" 2 18, +C4<0110>;
S_0x1690370 .scope module, "ff" "d_ff" 2 19, 2 1, S_0x16901e0;
 .timescale 0 0;
v0x1690460_0 .alias "clock", 0 0, v0x1692470_0;
v0x16904e0_0 .net "d", 0 0, L_0x1693a40; 1 drivers
v0x1690580_0 .var "q", 0 0;
v0x1690620_0 .alias "reset", 0 0, v0x168d7b0_0;
S_0x168fcf0 .scope generate, "d_loop[7]" "d_loop[7]" 2 18, 2 18, S_0x166f970;
 .timescale 0 0;
P_0x168fde8 .param/l "j" 2 18, +C4<0111>;
S_0x168fe80 .scope module, "ff" "d_ff" 2 19, 2 1, S_0x168fcf0;
 .timescale 0 0;
v0x168ff70_0 .alias "clock", 0 0, v0x1692470_0;
v0x168fff0_0 .net "d", 0 0, L_0x1693c00; 1 drivers
v0x1690090_0 .var "q", 0 0;
v0x1690130_0 .alias "reset", 0 0, v0x168d7b0_0;
S_0x168f800 .scope generate, "d_loop[8]" "d_loop[8]" 2 18, 2 18, S_0x166f970;
 .timescale 0 0;
P_0x168f8f8 .param/l "j" 2 18, +C4<01000>;
S_0x168f990 .scope module, "ff" "d_ff" 2 19, 2 1, S_0x168f800;
 .timescale 0 0;
v0x168fa80_0 .alias "clock", 0 0, v0x1692470_0;
v0x168fb00_0 .net "d", 0 0, L_0x1693eb0; 1 drivers
v0x168fba0_0 .var "q", 0 0;
v0x168fc40_0 .alias "reset", 0 0, v0x168d7b0_0;
S_0x168f310 .scope generate, "d_loop[9]" "d_loop[9]" 2 18, 2 18, S_0x166f970;
 .timescale 0 0;
P_0x168f408 .param/l "j" 2 18, +C4<01001>;
S_0x168f4a0 .scope module, "ff" "d_ff" 2 19, 2 1, S_0x168f310;
 .timescale 0 0;
v0x168f590_0 .alias "clock", 0 0, v0x1692470_0;
v0x168f610_0 .net "d", 0 0, L_0x16940c0; 1 drivers
v0x168f6b0_0 .var "q", 0 0;
v0x168f750_0 .alias "reset", 0 0, v0x168d7b0_0;
S_0x168ee20 .scope generate, "d_loop[10]" "d_loop[10]" 2 18, 2 18, S_0x166f970;
 .timescale 0 0;
P_0x168ef18 .param/l "j" 2 18, +C4<01010>;
S_0x168efb0 .scope module, "ff" "d_ff" 2 19, 2 1, S_0x168ee20;
 .timescale 0 0;
v0x168f0a0_0 .alias "clock", 0 0, v0x1692470_0;
v0x168f120_0 .net "d", 0 0, L_0x1694210; 1 drivers
v0x168f1c0_0 .var "q", 0 0;
v0x168f260_0 .alias "reset", 0 0, v0x168d7b0_0;
S_0x168e930 .scope generate, "d_loop[11]" "d_loop[11]" 2 18, 2 18, S_0x166f970;
 .timescale 0 0;
P_0x168ea28 .param/l "j" 2 18, +C4<01011>;
S_0x168eac0 .scope module, "ff" "d_ff" 2 19, 2 1, S_0x168e930;
 .timescale 0 0;
v0x168ebb0_0 .alias "clock", 0 0, v0x1692470_0;
v0x168ec30_0 .net "d", 0 0, L_0x16943d0; 1 drivers
v0x168ecd0_0 .var "q", 0 0;
v0x168ed70_0 .alias "reset", 0 0, v0x168d7b0_0;
S_0x168e440 .scope generate, "d_loop[12]" "d_loop[12]" 2 18, 2 18, S_0x166f970;
 .timescale 0 0;
P_0x168e538 .param/l "j" 2 18, +C4<01100>;
S_0x168e5d0 .scope module, "ff" "d_ff" 2 19, 2 1, S_0x168e440;
 .timescale 0 0;
v0x168e6c0_0 .alias "clock", 0 0, v0x1692470_0;
v0x168e740_0 .net "d", 0 0, L_0x16945a0; 1 drivers
v0x168e7e0_0 .var "q", 0 0;
v0x168e880_0 .alias "reset", 0 0, v0x168d7b0_0;
S_0x168df50 .scope generate, "d_loop[13]" "d_loop[13]" 2 18, 2 18, S_0x166f970;
 .timescale 0 0;
P_0x168e048 .param/l "j" 2 18, +C4<01101>;
S_0x168e0e0 .scope module, "ff" "d_ff" 2 19, 2 1, S_0x168df50;
 .timescale 0 0;
v0x168e1d0_0 .alias "clock", 0 0, v0x1692470_0;
v0x168e250_0 .net "d", 0 0, L_0x1694750; 1 drivers
v0x168e2f0_0 .var "q", 0 0;
v0x168e390_0 .alias "reset", 0 0, v0x168d7b0_0;
S_0x168b050 .scope generate, "d_loop[14]" "d_loop[14]" 2 18, 2 18, S_0x166f970;
 .timescale 0 0;
P_0x168db98 .param/l "j" 2 18, +C4<01110>;
S_0x168dc10 .scope module, "ff" "d_ff" 2 19, 2 1, S_0x168b050;
 .timescale 0 0;
v0x168dd00_0 .alias "clock", 0 0, v0x1692470_0;
v0x168dd80_0 .net "d", 0 0, L_0x1693930; 1 drivers
v0x168de00_0 .var "q", 0 0;
v0x168dea0_0 .alias "reset", 0 0, v0x168d7b0_0;
S_0x168d370 .scope generate, "d_loop[15]" "d_loop[15]" 2 18, 2 18, S_0x166f970;
 .timescale 0 0;
P_0x168d468 .param/l "j" 2 18, +C4<01111>;
S_0x168d500 .scope module, "ff" "d_ff" 2 19, 2 1, S_0x168d370;
 .timescale 0 0;
v0x168d5f0_0 .alias "clock", 0 0, v0x1692470_0;
v0x168add0_0 .net "d", 0 0, L_0x1694c20; 1 drivers
v0x168d880_0 .var "q", 0 0;
v0x168d900_0 .alias "reset", 0 0, v0x168d7b0_0;
S_0x168ce80 .scope generate, "d_loop[16]" "d_loop[16]" 2 18, 2 18, S_0x166f970;
 .timescale 0 0;
P_0x168cf78 .param/l "j" 2 18, +C4<010000>;
S_0x168d010 .scope module, "ff" "d_ff" 2 19, 2 1, S_0x168ce80;
 .timescale 0 0;
v0x168d100_0 .alias "clock", 0 0, v0x1692470_0;
v0x168d180_0 .net "d", 0 0, L_0x1694ed0; 1 drivers
v0x168d220_0 .var "q", 0 0;
v0x168d2c0_0 .alias "reset", 0 0, v0x168d7b0_0;
S_0x168c990 .scope generate, "d_loop[17]" "d_loop[17]" 2 18, 2 18, S_0x166f970;
 .timescale 0 0;
P_0x168ca88 .param/l "j" 2 18, +C4<010001>;
S_0x168cb20 .scope module, "ff" "d_ff" 2 19, 2 1, S_0x168c990;
 .timescale 0 0;
v0x168cc10_0 .alias "clock", 0 0, v0x1692470_0;
v0x168cc90_0 .net "d", 0 0, L_0x1695090; 1 drivers
v0x168cd30_0 .var "q", 0 0;
v0x168cdd0_0 .alias "reset", 0 0, v0x168d7b0_0;
S_0x168c4a0 .scope generate, "d_loop[18]" "d_loop[18]" 2 18, 2 18, S_0x166f970;
 .timescale 0 0;
P_0x168c598 .param/l "j" 2 18, +C4<010010>;
S_0x168c630 .scope module, "ff" "d_ff" 2 19, 2 1, S_0x168c4a0;
 .timescale 0 0;
v0x168c720_0 .alias "clock", 0 0, v0x1692470_0;
v0x168c7a0_0 .net "d", 0 0, L_0x1695260; 1 drivers
v0x168c840_0 .var "q", 0 0;
v0x168c8e0_0 .alias "reset", 0 0, v0x168d7b0_0;
S_0x168bfb0 .scope generate, "d_loop[19]" "d_loop[19]" 2 18, 2 18, S_0x166f970;
 .timescale 0 0;
P_0x168c0a8 .param/l "j" 2 18, +C4<010011>;
S_0x168c140 .scope module, "ff" "d_ff" 2 19, 2 1, S_0x168bfb0;
 .timescale 0 0;
v0x168c230_0 .alias "clock", 0 0, v0x1692470_0;
v0x168c2b0_0 .net "d", 0 0, L_0x1695440; 1 drivers
v0x168c350_0 .var "q", 0 0;
v0x168c3f0_0 .alias "reset", 0 0, v0x168d7b0_0;
S_0x168bac0 .scope generate, "d_loop[20]" "d_loop[20]" 2 18, 2 18, S_0x166f970;
 .timescale 0 0;
P_0x168bbb8 .param/l "j" 2 18, +C4<010100>;
S_0x168bc50 .scope module, "ff" "d_ff" 2 19, 2 1, S_0x168bac0;
 .timescale 0 0;
v0x168bd40_0 .alias "clock", 0 0, v0x1692470_0;
v0x168bdc0_0 .net "d", 0 0, L_0x16953a0; 1 drivers
v0x168be60_0 .var "q", 0 0;
v0x168bf00_0 .alias "reset", 0 0, v0x168d7b0_0;
S_0x168b5d0 .scope generate, "d_loop[21]" "d_loop[21]" 2 18, 2 18, S_0x166f970;
 .timescale 0 0;
P_0x168b6c8 .param/l "j" 2 18, +C4<010101>;
S_0x168b760 .scope module, "ff" "d_ff" 2 19, 2 1, S_0x168b5d0;
 .timescale 0 0;
v0x168b850_0 .alias "clock", 0 0, v0x1692470_0;
v0x168b8d0_0 .net "d", 0 0, L_0x16957c0; 1 drivers
v0x168b970_0 .var "q", 0 0;
v0x168ba10_0 .alias "reset", 0 0, v0x168d7b0_0;
S_0x168b160 .scope generate, "d_loop[22]" "d_loop[22]" 2 18, 2 18, S_0x166f970;
 .timescale 0 0;
P_0x1689b78 .param/l "j" 2 18, +C4<010110>;
S_0x168b270 .scope module, "ff" "d_ff" 2 19, 2 1, S_0x168b160;
 .timescale 0 0;
v0x168b360_0 .alias "clock", 0 0, v0x1692470_0;
v0x168b3e0_0 .net "d", 0 0, L_0x16959d0; 1 drivers
v0x168b480_0 .var "q", 0 0;
v0x168b520_0 .alias "reset", 0 0, v0x168d7b0_0;
S_0x168aad0 .scope generate, "d_loop[23]" "d_loop[23]" 2 18, 2 18, S_0x166f970;
 .timescale 0 0;
P_0x168abc8 .param/l "j" 2 18, +C4<010111>;
S_0x168ac60 .scope module, "ff" "d_ff" 2 19, 2 1, S_0x168aad0;
 .timescale 0 0;
v0x168ad50_0 .alias "clock", 0 0, v0x1692470_0;
v0x16898f0_0 .net "d", 0 0, L_0x1695930; 1 drivers
v0x168af00_0 .var "q", 0 0;
v0x168afa0_0 .alias "reset", 0 0, v0x168d7b0_0;
S_0x168a5e0 .scope generate, "d_loop[24]" "d_loop[24]" 2 18, 2 18, S_0x166f970;
 .timescale 0 0;
P_0x168a6d8 .param/l "j" 2 18, +C4<011000>;
S_0x168a770 .scope module, "ff" "d_ff" 2 19, 2 1, S_0x168a5e0;
 .timescale 0 0;
v0x168a860_0 .alias "clock", 0 0, v0x1692470_0;
v0x168a8e0_0 .net "d", 0 0, L_0x1695ca0; 1 drivers
v0x168a980_0 .var "q", 0 0;
v0x168aa20_0 .alias "reset", 0 0, v0x168d7b0_0;
S_0x168a0f0 .scope generate, "d_loop[25]" "d_loop[25]" 2 18, 2 18, S_0x166f970;
 .timescale 0 0;
P_0x168a1e8 .param/l "j" 2 18, +C4<011001>;
S_0x168a280 .scope module, "ff" "d_ff" 2 19, 2 1, S_0x168a0f0;
 .timescale 0 0;
v0x168a370_0 .alias "clock", 0 0, v0x1692470_0;
v0x168a3f0_0 .net "d", 0 0, L_0x1695b40; 1 drivers
v0x168a490_0 .var "q", 0 0;
v0x168a530_0 .alias "reset", 0 0, v0x168d7b0_0;
S_0x1689c00 .scope generate, "d_loop[26]" "d_loop[26]" 2 18, 2 18, S_0x166f970;
 .timescale 0 0;
P_0x1689cf8 .param/l "j" 2 18, +C4<011010>;
S_0x1689d90 .scope module, "ff" "d_ff" 2 19, 2 1, S_0x1689c00;
 .timescale 0 0;
v0x1689e80_0 .alias "clock", 0 0, v0x1692470_0;
v0x1689f00_0 .net "d", 0 0, L_0x1695e10; 1 drivers
v0x1689fa0_0 .var "q", 0 0;
v0x168a040_0 .alias "reset", 0 0, v0x168d7b0_0;
S_0x16895f0 .scope generate, "d_loop[27]" "d_loop[27]" 2 18, 2 18, S_0x166f970;
 .timescale 0 0;
P_0x16896e8 .param/l "j" 2 18, +C4<011011>;
S_0x1689780 .scope module, "ff" "d_ff" 2 19, 2 1, S_0x16895f0;
 .timescale 0 0;
v0x1689870_0 .alias "clock", 0 0, v0x1692470_0;
v0x1689980_0 .net "d", 0 0, L_0x16961a0; 1 drivers
v0x1689a20_0 .var "q", 0 0;
v0x1689ac0_0 .alias "reset", 0 0, v0x168d7b0_0;
S_0x1689130 .scope generate, "d_loop[28]" "d_loop[28]" 2 18, 2 18, S_0x166f970;
 .timescale 0 0;
P_0x1689228 .param/l "j" 2 18, +C4<011100>;
S_0x16892c0 .scope module, "ff" "d_ff" 2 19, 2 1, S_0x1689130;
 .timescale 0 0;
v0x16893b0_0 .alias "clock", 0 0, v0x1692470_0;
v0x1689430_0 .net "d", 0 0, L_0x1695fe0; 1 drivers
v0x16894d0_0 .var "q", 0 0;
v0x1689570_0 .alias "reset", 0 0, v0x168d7b0_0;
S_0x1688bf0 .scope generate, "d_loop[29]" "d_loop[29]" 2 18, 2 18, S_0x166f970;
 .timescale 0 0;
P_0x1688ce8 .param/l "j" 2 18, +C4<011101>;
S_0x1688d60 .scope module, "ff" "d_ff" 2 19, 2 1, S_0x1688bf0;
 .timescale 0 0;
v0x1688e50_0 .alias "clock", 0 0, v0x1692470_0;
v0x1688f20_0 .net "d", 0 0, L_0x1696520; 1 drivers
v0x1688fc0_0 .var "q", 0 0;
v0x1689060_0 .alias "reset", 0 0, v0x168d7b0_0;
S_0x16886a0 .scope generate, "d_loop[30]" "d_loop[30]" 2 18, 2 18, S_0x166f970;
 .timescale 0 0;
P_0x1688798 .param/l "j" 2 18, +C4<011110>;
S_0x1688850 .scope module, "ff" "d_ff" 2 19, 2 1, S_0x16886a0;
 .timescale 0 0;
v0x1688940_0 .alias "clock", 0 0, v0x1692470_0;
v0x16889f0_0 .net "d", 0 0, L_0x1696310; 1 drivers
v0x1688a70_0 .var "q", 0 0;
v0x1688b10_0 .alias "reset", 0 0, v0x168d7b0_0;
S_0x166ee20 .scope generate, "d_loop[31]" "d_loop[31]" 2 18, 2 18, S_0x166f970;
 .timescale 0 0;
P_0x1658498 .param/l "j" 2 18, +C4<011111>;
S_0x166e2d0 .scope module, "ff" "d_ff" 2 19, 2 1, S_0x166ee20;
 .timescale 0 0;
v0x1657690_0 .alias "clock", 0 0, v0x1692470_0;
v0x16884b0_0 .net "d", 0 0, L_0x1696690; 1 drivers
v0x1688550_0 .var "q", 0 0;
v0x16885f0_0 .alias "reset", 0 0, v0x168d7b0_0;
E_0x165a7e0/0 .event negedge, v0x16885f0_0;
E_0x165a7e0/1 .event posedge, v0x1657690_0;
E_0x165a7e0 .event/or E_0x165a7e0/0, E_0x165a7e0/1;
    .scope S_0x1692110;
T_0 ;
    %wait E_0x165a7e0;
    %load/v 8, v0x16923c0_0, 1;
    %inv 8, 1;
    %jmp/0xz  T_0.0, 8;
    %set/v v0x1692320_0, 0, 1;
    %jmp T_0.1;
T_0.0 ;
    %load/v 8, v0x1692280_0, 1;
    %set/v v0x1692320_0, 8, 1;
T_0.1 ;
    %jmp T_0;
    .thread T_0;
    .scope S_0x1691c20;
T_1 ;
    %wait E_0x165a7e0;
    %load/v 8, v0x1691ed0_0, 1;
    %inv 8, 1;
    %jmp/0xz  T_1.0, 8;
    %set/v v0x1691e30_0, 0, 1;
    %jmp T_1.1;
T_1.0 ;
    %load/v 8, v0x1691d90_0, 1;
    %set/v v0x1691e30_0, 8, 1;
T_1.1 ;
    %jmp T_1;
    .thread T_1;
    .scope S_0x1691730;
T_2 ;
    %wait E_0x165a7e0;
    %load/v 8, v0x16919e0_0, 1;
    %inv 8, 1;
    %jmp/0xz  T_2.0, 8;
    %set/v v0x1691940_0, 0, 1;
    %jmp T_2.1;
T_2.0 ;
    %load/v 8, v0x16918a0_0, 1;
    %set/v v0x1691940_0, 8, 1;
T_2.1 ;
    %jmp T_2;
    .thread T_2;
    .scope S_0x1691240;
T_3 ;
    %wait E_0x165a7e0;
    %load/v 8, v0x16914f0_0, 1;
    %inv 8, 1;
    %jmp/0xz  T_3.0, 8;
    %set/v v0x1691450_0, 0, 1;
    %jmp T_3.1;
T_3.0 ;
    %load/v 8, v0x16913b0_0, 1;
    %set/v v0x1691450_0, 8, 1;
T_3.1 ;
    %jmp T_3;
    .thread T_3;
    .scope S_0x1690d50;
T_4 ;
    %wait E_0x165a7e0;
    %load/v 8, v0x1691000_0, 1;
    %inv 8, 1;
    %jmp/0xz  T_4.0, 8;
    %set/v v0x1690f60_0, 0, 1;
    %jmp T_4.1;
T_4.0 ;
    %load/v 8, v0x1690ec0_0, 1;
    %set/v v0x1690f60_0, 8, 1;
T_4.1 ;
    %jmp T_4;
    .thread T_4;
    .scope S_0x1690860;
T_5 ;
    %wait E_0x165a7e0;
    %load/v 8, v0x1690b10_0, 1;
    %inv 8, 1;
    %jmp/0xz  T_5.0, 8;
    %set/v v0x1690a70_0, 0, 1;
    %jmp T_5.1;
T_5.0 ;
    %load/v 8, v0x16909d0_0, 1;
    %set/v v0x1690a70_0, 8, 1;
T_5.1 ;
    %jmp T_5;
    .thread T_5;
    .scope S_0x1690370;
T_6 ;
    %wait E_0x165a7e0;
    %load/v 8, v0x1690620_0, 1;
    %inv 8, 1;
    %jmp/0xz  T_6.0, 8;
    %set/v v0x1690580_0, 0, 1;
    %jmp T_6.1;
T_6.0 ;
    %load/v 8, v0x16904e0_0, 1;
    %set/v v0x1690580_0, 8, 1;
T_6.1 ;
    %jmp T_6;
    .thread T_6;
    .scope S_0x168fe80;
T_7 ;
    %wait E_0x165a7e0;
    %load/v 8, v0x1690130_0, 1;
    %inv 8, 1;
    %jmp/0xz  T_7.0, 8;
    %set/v v0x1690090_0, 0, 1;
    %jmp T_7.1;
T_7.0 ;
    %load/v 8, v0x168fff0_0, 1;
    %set/v v0x1690090_0, 8, 1;
T_7.1 ;
    %jmp T_7;
    .thread T_7;
    .scope S_0x168f990;
T_8 ;
    %wait E_0x165a7e0;
    %load/v 8, v0x168fc40_0, 1;
    %inv 8, 1;
    %jmp/0xz  T_8.0, 8;
    %set/v v0x168fba0_0, 0, 1;
    %jmp T_8.1;
T_8.0 ;
    %load/v 8, v0x168fb00_0, 1;
    %set/v v0x168fba0_0, 8, 1;
T_8.1 ;
    %jmp T_8;
    .thread T_8;
    .scope S_0x168f4a0;
T_9 ;
    %wait E_0x165a7e0;
    %load/v 8, v0x168f750_0, 1;
    %inv 8, 1;
    %jmp/0xz  T_9.0, 8;
    %set/v v0x168f6b0_0, 0, 1;
    %jmp T_9.1;
T_9.0 ;
    %load/v 8, v0x168f610_0, 1;
    %set/v v0x168f6b0_0, 8, 1;
T_9.1 ;
    %jmp T_9;
    .thread T_9;
    .scope S_0x168efb0;
T_10 ;
    %wait E_0x165a7e0;
    %load/v 8, v0x168f260_0, 1;
    %inv 8, 1;
    %jmp/0xz  T_10.0, 8;
    %set/v v0x168f1c0_0, 0, 1;
    %jmp T_10.1;
T_10.0 ;
    %load/v 8, v0x168f120_0, 1;
    %set/v v0x168f1c0_0, 8, 1;
T_10.1 ;
    %jmp T_10;
    .thread T_10;
    .scope S_0x168eac0;
T_11 ;
    %wait E_0x165a7e0;
    %load/v 8, v0x168ed70_0, 1;
    %inv 8, 1;
    %jmp/0xz  T_11.0, 8;
    %set/v v0x168ecd0_0, 0, 1;
    %jmp T_11.1;
T_11.0 ;
    %load/v 8, v0x168ec30_0, 1;
    %set/v v0x168ecd0_0, 8, 1;
T_11.1 ;
    %jmp T_11;
    .thread T_11;
    .scope S_0x168e5d0;
T_12 ;
    %wait E_0x165a7e0;
    %load/v 8, v0x168e880_0, 1;
    %inv 8, 1;
    %jmp/0xz  T_12.0, 8;
    %set/v v0x168e7e0_0, 0, 1;
    %jmp T_12.1;
T_12.0 ;
    %load/v 8, v0x168e740_0, 1;
    %set/v v0x168e7e0_0, 8, 1;
T_12.1 ;
    %jmp T_12;
    .thread T_12;
    .scope S_0x168e0e0;
T_13 ;
    %wait E_0x165a7e0;
    %load/v 8, v0x168e390_0, 1;
    %inv 8, 1;
    %jmp/0xz  T_13.0, 8;
    %set/v v0x168e2f0_0, 0, 1;
    %jmp T_13.1;
T_13.0 ;
    %load/v 8, v0x168e250_0, 1;
    %set/v v0x168e2f0_0, 8, 1;
T_13.1 ;
    %jmp T_13;
    .thread T_13;
    .scope S_0x168dc10;
T_14 ;
    %wait E_0x165a7e0;
    %load/v 8, v0x168dea0_0, 1;
    %inv 8, 1;
    %jmp/0xz  T_14.0, 8;
    %set/v v0x168de00_0, 0, 1;
    %jmp T_14.1;
T_14.0 ;
    %load/v 8, v0x168dd80_0, 1;
    %set/v v0x168de00_0, 8, 1;
T_14.1 ;
    %jmp T_14;
    .thread T_14;
    .scope S_0x168d500;
T_15 ;
    %wait E_0x165a7e0;
    %load/v 8, v0x168d900_0, 1;
    %inv 8, 1;
    %jmp/0xz  T_15.0, 8;
    %set/v v0x168d880_0, 0, 1;
    %jmp T_15.1;
T_15.0 ;
    %load/v 8, v0x168add0_0, 1;
    %set/v v0x168d880_0, 8, 1;
T_15.1 ;
    %jmp T_15;
    .thread T_15;
    .scope S_0x168d010;
T_16 ;
    %wait E_0x165a7e0;
    %load/v 8, v0x168d2c0_0, 1;
    %inv 8, 1;
    %jmp/0xz  T_16.0, 8;
    %set/v v0x168d220_0, 0, 1;
    %jmp T_16.1;
T_16.0 ;
    %load/v 8, v0x168d180_0, 1;
    %set/v v0x168d220_0, 8, 1;
T_16.1 ;
    %jmp T_16;
    .thread T_16;
    .scope S_0x168cb20;
T_17 ;
    %wait E_0x165a7e0;
    %load/v 8, v0x168cdd0_0, 1;
    %inv 8, 1;
    %jmp/0xz  T_17.0, 8;
    %set/v v0x168cd30_0, 0, 1;
    %jmp T_17.1;
T_17.0 ;
    %load/v 8, v0x168cc90_0, 1;
    %set/v v0x168cd30_0, 8, 1;
T_17.1 ;
    %jmp T_17;
    .thread T_17;
    .scope S_0x168c630;
T_18 ;
    %wait E_0x165a7e0;
    %load/v 8, v0x168c8e0_0, 1;
    %inv 8, 1;
    %jmp/0xz  T_18.0, 8;
    %set/v v0x168c840_0, 0, 1;
    %jmp T_18.1;
T_18.0 ;
    %load/v 8, v0x168c7a0_0, 1;
    %set/v v0x168c840_0, 8, 1;
T_18.1 ;
    %jmp T_18;
    .thread T_18;
    .scope S_0x168c140;
T_19 ;
    %wait E_0x165a7e0;
    %load/v 8, v0x168c3f0_0, 1;
    %inv 8, 1;
    %jmp/0xz  T_19.0, 8;
    %set/v v0x168c350_0, 0, 1;
    %jmp T_19.1;
T_19.0 ;
    %load/v 8, v0x168c2b0_0, 1;
    %set/v v0x168c350_0, 8, 1;
T_19.1 ;
    %jmp T_19;
    .thread T_19;
    .scope S_0x168bc50;
T_20 ;
    %wait E_0x165a7e0;
    %load/v 8, v0x168bf00_0, 1;
    %inv 8, 1;
    %jmp/0xz  T_20.0, 8;
    %set/v v0x168be60_0, 0, 1;
    %jmp T_20.1;
T_20.0 ;
    %load/v 8, v0x168bdc0_0, 1;
    %set/v v0x168be60_0, 8, 1;
T_20.1 ;
    %jmp T_20;
    .thread T_20;
    .scope S_0x168b760;
T_21 ;
    %wait E_0x165a7e0;
    %load/v 8, v0x168ba10_0, 1;
    %inv 8, 1;
    %jmp/0xz  T_21.0, 8;
    %set/v v0x168b970_0, 0, 1;
    %jmp T_21.1;
T_21.0 ;
    %load/v 8, v0x168b8d0_0, 1;
    %set/v v0x168b970_0, 8, 1;
T_21.1 ;
    %jmp T_21;
    .thread T_21;
    .scope S_0x168b270;
T_22 ;
    %wait E_0x165a7e0;
    %load/v 8, v0x168b520_0, 1;
    %inv 8, 1;
    %jmp/0xz  T_22.0, 8;
    %set/v v0x168b480_0, 0, 1;
    %jmp T_22.1;
T_22.0 ;
    %load/v 8, v0x168b3e0_0, 1;
    %set/v v0x168b480_0, 8, 1;
T_22.1 ;
    %jmp T_22;
    .thread T_22;
    .scope S_0x168ac60;
T_23 ;
    %wait E_0x165a7e0;
    %load/v 8, v0x168afa0_0, 1;
    %inv 8, 1;
    %jmp/0xz  T_23.0, 8;
    %set/v v0x168af00_0, 0, 1;
    %jmp T_23.1;
T_23.0 ;
    %load/v 8, v0x16898f0_0, 1;
    %set/v v0x168af00_0, 8, 1;
T_23.1 ;
    %jmp T_23;
    .thread T_23;
    .scope S_0x168a770;
T_24 ;
    %wait E_0x165a7e0;
    %load/v 8, v0x168aa20_0, 1;
    %inv 8, 1;
    %jmp/0xz  T_24.0, 8;
    %set/v v0x168a980_0, 0, 1;
    %jmp T_24.1;
T_24.0 ;
    %load/v 8, v0x168a8e0_0, 1;
    %set/v v0x168a980_0, 8, 1;
T_24.1 ;
    %jmp T_24;
    .thread T_24;
    .scope S_0x168a280;
T_25 ;
    %wait E_0x165a7e0;
    %load/v 8, v0x168a530_0, 1;
    %inv 8, 1;
    %jmp/0xz  T_25.0, 8;
    %set/v v0x168a490_0, 0, 1;
    %jmp T_25.1;
T_25.0 ;
    %load/v 8, v0x168a3f0_0, 1;
    %set/v v0x168a490_0, 8, 1;
T_25.1 ;
    %jmp T_25;
    .thread T_25;
    .scope S_0x1689d90;
T_26 ;
    %wait E_0x165a7e0;
    %load/v 8, v0x168a040_0, 1;
    %inv 8, 1;
    %jmp/0xz  T_26.0, 8;
    %set/v v0x1689fa0_0, 0, 1;
    %jmp T_26.1;
T_26.0 ;
    %load/v 8, v0x1689f00_0, 1;
    %set/v v0x1689fa0_0, 8, 1;
T_26.1 ;
    %jmp T_26;
    .thread T_26;
    .scope S_0x1689780;
T_27 ;
    %wait E_0x165a7e0;
    %load/v 8, v0x1689ac0_0, 1;
    %inv 8, 1;
    %jmp/0xz  T_27.0, 8;
    %set/v v0x1689a20_0, 0, 1;
    %jmp T_27.1;
T_27.0 ;
    %load/v 8, v0x1689980_0, 1;
    %set/v v0x1689a20_0, 8, 1;
T_27.1 ;
    %jmp T_27;
    .thread T_27;
    .scope S_0x16892c0;
T_28 ;
    %wait E_0x165a7e0;
    %load/v 8, v0x1689570_0, 1;
    %inv 8, 1;
    %jmp/0xz  T_28.0, 8;
    %set/v v0x16894d0_0, 0, 1;
    %jmp T_28.1;
T_28.0 ;
    %load/v 8, v0x1689430_0, 1;
    %set/v v0x16894d0_0, 8, 1;
T_28.1 ;
    %jmp T_28;
    .thread T_28;
    .scope S_0x1688d60;
T_29 ;
    %wait E_0x165a7e0;
    %load/v 8, v0x1689060_0, 1;
    %inv 8, 1;
    %jmp/0xz  T_29.0, 8;
    %set/v v0x1688fc0_0, 0, 1;
    %jmp T_29.1;
T_29.0 ;
    %load/v 8, v0x1688f20_0, 1;
    %set/v v0x1688fc0_0, 8, 1;
T_29.1 ;
    %jmp T_29;
    .thread T_29;
    .scope S_0x1688850;
T_30 ;
    %wait E_0x165a7e0;
    %load/v 8, v0x1688b10_0, 1;
    %inv 8, 1;
    %jmp/0xz  T_30.0, 8;
    %set/v v0x1688a70_0, 0, 1;
    %jmp T_30.1;
T_30.0 ;
    %load/v 8, v0x16889f0_0, 1;
    %set/v v0x1688a70_0, 8, 1;
T_30.1 ;
    %jmp T_30;
    .thread T_30;
    .scope S_0x166e2d0;
T_31 ;
    %wait E_0x165a7e0;
    %load/v 8, v0x16885f0_0, 1;
    %inv 8, 1;
    %jmp/0xz  T_31.0, 8;
    %set/v v0x1688550_0, 0, 1;
    %jmp T_31.1;
T_31.0 ;
    %load/v 8, v0x16884b0_0, 1;
    %set/v v0x1688550_0, 8, 1;
T_31.1 ;
    %jmp T_31;
    .thread T_31;
    .scope S_0x16704c0;
T_32 ;
    %vpi_call 2 29 "$monitor", $time, " :clock= %b q= %b ", v0x168d980_0, v0x168da00_0;
    %delay 0, 0;
    %set/v v0x168d980_0, 0, 1;
    %delay 100, 0;
    %vpi_call 2 31 "$finish";
    %end;
    .thread T_32;
    .scope S_0x16704c0;
T_33 ;
    %delay 10, 0;
    %load/v 8, v0x168d980_0, 1;
    %inv 8, 1;
    %set/v v0x168d980_0, 8, 1;
    %jmp T_33;
    .thread T_33;
# The file index is used to find the file name in the following table.
:file_names 3;
    "N/A";
    "<interactive>";
    "Regiter_32Bit.v";
